# JRE version: OpenJDK Runtime Environment Temurin-17.0.13+11 (17.0.13+11) (build 17.0.13+11)
# Java VM: OpenJDK 64-Bit Server VM Temurin-17.0.13+11 (17.0.13+11, mixed mode, tiered, compressed oops, compressed class ptrs, parallel gc, windows-amd64)
GC Precious Log:
 CPUs: 4 total, 4 available
 Memory: 8106M
 Large Page Support: Disabled
 NUMA Support: Disabled
 Compressed Oops: Enabled (32-bit)
 Alignments: Space 512K, Generation 512K, Heap 2M
 Heap Min Capacity: 100M
 Heap Initial Capacity: 100M
 Heap Max Capacity: 1G
 Pre-touch: Disabled
 Parallel Workers: 4
Heap:
 PSYoungGen      total 17920K, used 8383K [0x00000000eab00000, 0x00000000ec080000, 0x0000000100000000)
  eden space 15360K, 38% used [0x00000000eab00000,0x00000000eb0bbda8,0x00000000eba00000)
  from space 2560K, 98% used [0x00000000ebe00000,0x00000000ec074220,0x00000000ec080000)
  to   space 3072K, 0% used [0x00000000eba80000,0x00000000eba80000,0x00000000ebd80000)
 ParOldGen       total 398848K, used 359167K [0x00000000c0000000, 0x00000000d8580000, 0x00000000eab00000)
  object space 398848K, 90% used [0x00000000c0000000,0x00000000d5ebfdb0,0x00000000d8580000)
 Metaspace       used 79101K, committed 80576K, reserved 1179648K
  class space    used 8004K, committed 8640K, reserved 1048576K
GC Heap History (20 events):
Event: 56.740 GC heap before
{Heap before GC invocations=449 (full 15):
 PSYoungGen      total 12800K, used 12648K [0x00000000eab00000, 0x00000000ec080000, 0x0000000100000000)
  eden space 7680K, 100% used [0x00000000eab00000,0x00000000eb280000,0x00000000eb280000)
  from space 5120K, 97% used [0x00000000ebb80000,0x00000000ec05a000,0x00000000ec080000)
  to   space 6144K, 0% used [0x00000000eb480000,0x00000000eb480000,0x00000000eba80000)
 ParOldGen       total 393216K, used 387996K [0x00000000c0000000, 0x00000000d8000000, 0x00000000eab00000)
  object space 393216K, 98% used [0x00000000c0000000,0x00000000d7ae7248,0x00000000d8000000)
 Metaspace       used 79009K, committed 80448K, reserved 1179648K
  class space    used 8001K, committed 8640K, reserved 1048576K
}
Event: 56.749 GC heap after
{Heap after GC invocations=449 (full 15):
 PSYoungGen      total 13824K, used 6140K [0x00000000eab00000, 0x00000000ec080000, 0x0000000100000000)
  eden space 7680K, 0% used [0x00000000eab00000,0x00000000eab00000,0x00000000eb280000)
  from space 6144K, 99% used [0x00000000eb480000,0x00000000eba7f220,0x00000000eba80000)
  to   space 6144K, 0% used [0x00000000eba80000,0x00000000eba80000,0x00000000ec080000)
 ParOldGen       total 393216K, used 388476K [0x00000000c0000000, 0x00000000d8000000, 0x00000000eab00000)
  object space 393216K, 98% used [0x00000000c0000000,0x00000000d7b5f248,0x00000000d8000000)
 Metaspace       used 79009K, committed 80448K, reserved 1179648K
  class space    used 8001K, committed 8640K, reserved 1048576K
}
Event: 56.802 GC heap before
{Heap before GC invocations=450 (full 15):
 PSYoungGen      total 13824K, used 13820K [0x00000000eab00000, 0x00000000ec080000, 0x0000000100000000)
  eden space 7680K, 100% used [0x00000000eab00000,0x00000000eb280000,0x00000000eb280000)
  from space 6144K, 99% used [0x00000000eb480000,0x00000000eba7f220,0x00000000eba80000)
  to   space 6144K, 0% used [0x00000000eba80000,0x00000000eba80000,0x00000000ec080000)
 ParOldGen       total 393216K, used 388476K [0x00000000c0000000, 0x00000000d8000000, 0x00000000eab00000)
  object space 393216K, 98% used [0x00000000c0000000,0x00000000d7b5f248,0x00000000d8000000)
 Metaspace       used 79010K, committed 80448K, reserved 1179648K
  class space    used 8001K, committed 8640K, reserved 1048576K
}
Event: 56.835 GC heap after
{Heap after GC invocations=450 (full 15):
 PSYoungGen      total 10240K, used 1156K [0x00000000eab00000, 0x00000000ebc00000, 0x0000000100000000)
  eden space 8704K, 0% used [0x00000000eab00000,0x00000000eab00000,0x00000000eb380000)
  from space 1536K, 75% used [0x00000000eba80000,0x00000000ebba1230,0x00000000ebc00000)
  to   space 3584K, 0% used [0x00000000eb500000,0x00000000eb500000,0x00000000eb880000)
 ParOldGen       total 394752K, used 394634K [0x00000000c0000000, 0x00000000d8180000, 0x00000000eab00000)
  object space 394752K, 99% used [0x00000000c0000000,0x00000000d81629b0,0x00000000d8180000)
 Metaspace       used 79010K, committed 80448K, reserved 1179648K
  class space    used 8001K, committed 8640K, reserved 1048576K
}
Event: 56.897 GC heap before
{Heap before GC invocations=451 (full 16):
 PSYoungGen      total 10240K, used 9860K [0x00000000eab00000, 0x00000000ebc00000, 0x0000000100000000)
  eden space 8704K, 100% used [0x00000000eab00000,0x00000000eb380000,0x00000000eb380000)
  from space 1536K, 75% used [0x00000000eba80000,0x00000000ebba1230,0x00000000ebc00000)
  to   space 3584K, 0% used [0x00000000eb500000,0x00000000eb500000,0x00000000eb880000)
 ParOldGen       total 394752K, used 394634K [0x00000000c0000000, 0x00000000d8180000, 0x00000000eab00000)
  object space 394752K, 99% used [0x00000000c0000000,0x00000000d81629b0,0x00000000d8180000)
 Metaspace       used 79020K, committed 80512K, reserved 1179648K
  class space    used 8001K, committed 8640K, reserved 1048576K
}
Event: 57.222 GC heap after
{Heap after GC invocations=451 (full 16):
 PSYoungGen      total 13824K, used 0K [0x00000000eab00000, 0x00000000ebc00000, 0x0000000100000000)
  eden space 10240K, 0% used [0x00000000eab00000,0x00000000eab00000,0x00000000eb500000)
  from space 3584K, 0% used [0x00000000eb500000,0x00000000eb500000,0x00000000eb880000)
  to   space 3584K, 0% used [0x00000000eb880000,0x00000000eb880000,0x00000000ebc00000)
 ParOldGen       total 398848K, used 349588K [0x00000000c0000000, 0x00000000d8580000, 0x00000000eab00000)
  object space 398848K, 87% used [0x00000000c0000000,0x00000000d5565098,0x00000000d8580000)
 Metaspace       used 79020K, committed 80512K, reserved 1179648K
  class space    used 8001K, committed 8640K, reserved 1048576K
}
Event: 57.443 GC heap before
{Heap before GC invocations=452 (full 16):
 PSYoungGen      total 13824K, used 10240K [0x00000000eab00000, 0x00000000ebc00000, 0x0000000100000000)
  eden space 10240K, 100% used [0x00000000eab00000,0x00000000eb500000,0x00000000eb500000)
  from space 3584K, 0% used [0x00000000eb500000,0x00000000eb500000,0x00000000eb880000)
  to   space 3584K, 0% used [0x00000000eb880000,0x00000000eb880000,0x00000000ebc00000)
 ParOldGen       total 398848K, used 349588K [0x00000000c0000000, 0x00000000d8580000, 0x00000000eab00000)
  object space 398848K, 87% used [0x00000000c0000000,0x00000000d5565098,0x00000000d8580000)
 Metaspace       used 79038K, committed 80512K, reserved 1179648K
  class space    used 8001K, committed 8640K, reserved 1048576K
}
Event: 57.445 GC heap after
{Heap after GC invocations=452 (full 16):
 PSYoungGen      total 13312K, used 1540K [0x00000000eab00000, 0x00000000eba80000, 0x0000000100000000)
  eden space 11264K, 0% used [0x00000000eab00000,0x00000000eab00000,0x00000000eb600000)
  from space 2048K, 75% used [0x00000000eb880000,0x00000000eba01230,0x00000000eba80000)
  to   space 2048K, 0% used [0x00000000eb680000,0x00000000eb680000,0x00000000eb880000)
 ParOldGen       total 398848K, used 349596K [0x00000000c0000000, 0x00000000d8580000, 0x00000000eab00000)
  object space 398848K, 87% used [0x00000000c0000000,0x00000000d5567098,0x00000000d8580000)
 Metaspace       used 79038K, committed 80512K, reserved 1179648K
  class space    used 8001K, committed 8640K, reserved 1048576K
}
Event: 58.279 GC heap before
{Heap before GC invocations=453 (full 16):
 PSYoungGen      total 13312K, used 12804K [0x00000000eab00000, 0x00000000eba80000, 0x0000000100000000)
  eden space 11264K, 100% used [0x00000000eab00000,0x00000000eb600000,0x00000000eb600000)
  from space 2048K, 75% used [0x00000000eb880000,0x00000000eba01230,0x00000000eba80000)
  to   space 2048K, 0% used [0x00000000eb680000,0x00000000eb680000,0x00000000eb880000)
 ParOldGen       total 398848K, used 349596K [0x00000000c0000000, 0x00000000d8580000, 0x00000000eab00000)
  object space 398848K, 87% used [0x00000000c0000000,0x00000000d5567098,0x00000000d8580000)
 Metaspace       used 79064K, committed 80512K, reserved 1179648K
  class space    used 8004K, committed 8640K, reserved 1048576K
}
Event: 58.282 GC heap after
{Heap after GC invocations=453 (full 16):
 PSYoungGen      total 13824K, used 2048K [0x00000000eab00000, 0x00000000ebf80000, 0x0000000100000000)
  eden space 11776K, 0% used [0x00000000eab00000,0x00000000eab00000,0x00000000eb680000)
  from space 2048K, 100% used [0x00000000eb680000,0x00000000eb880000,0x00000000eb880000)
  to   space 4096K, 0% used [0x00000000ebb80000,0x00000000ebb80000,0x00000000ebf80000)
 ParOldGen       total 398848K, used 351159K [0x00000000c0000000, 0x00000000d8580000, 0x00000000eab00000)
  object space 398848K, 88% used [0x00000000c0000000,0x00000000d56eddc0,0x00000000d8580000)
 Metaspace       used 79064K, committed 80512K, reserved 1179648K
  class space    used 8004K, committed 8640K, reserved 1048576K
}
Event: 58.333 GC heap before
{Heap before GC invocations=454 (full 16):
 PSYoungGen      total 13824K, used 13824K [0x00000000eab00000, 0x00000000ebf80000, 0x0000000100000000)
  eden space 11776K, 100% used [0x00000000eab00000,0x00000000eb680000,0x00000000eb680000)
  from space 2048K, 100% used [0x00000000eb680000,0x00000000eb880000,0x00000000eb880000)
  to   space 4096K, 0% used [0x00000000ebb80000,0x00000000ebb80000,0x00000000ebf80000)
 ParOldGen       total 398848K, used 351159K [0x00000000c0000000, 0x00000000d8580000, 0x00000000eab00000)
  object space 398848K, 88% used [0x00000000c0000000,0x00000000d56eddc0,0x00000000d8580000)
 Metaspace       used 79070K, committed 80512K, reserved 1179648K
  class space    used 8004K, committed 8640K, reserved 1048576K
}
Event: 58.342 GC heap after
{Heap after GC invocations=454 (full 16):
 PSYoungGen      total 15360K, used 1631K [0x00000000eab00000, 0x00000000ebd80000, 0x0000000100000000)
  eden space 13312K, 0% used [0x00000000eab00000,0x00000000eab00000,0x00000000eb800000)
  from space 2048K, 79% used [0x00000000ebb80000,0x00000000ebd17c28,0x00000000ebd80000)
  to   space 2560K, 0% used [0x00000000eb880000,0x00000000eb880000,0x00000000ebb00000)
 ParOldGen       total 398848K, used 353223K [0x00000000c0000000, 0x00000000d8580000, 0x00000000eab00000)
  object space 398848K, 88% used [0x00000000c0000000,0x00000000d58f1dc0,0x00000000d8580000)
 Metaspace       used 79070K, committed 80512K, reserved 1179648K
  class space    used 8004K, committed 8640K, reserved 1048576K
}
Event: 58.458 GC heap before
{Heap before GC invocations=455 (full 16):
 PSYoungGen      total 15360K, used 14943K [0x00000000eab00000, 0x00000000ebd80000, 0x0000000100000000)
  eden space 13312K, 100% used [0x00000000eab00000,0x00000000eb800000,0x00000000eb800000)
  from space 2048K, 79% used [0x00000000ebb80000,0x00000000ebd17c28,0x00000000ebd80000)
  to   space 2560K, 0% used [0x00000000eb880000,0x00000000eb880000,0x00000000ebb00000)
 ParOldGen       total 398848K, used 353223K [0x00000000c0000000, 0x00000000d8580000, 0x00000000eab00000)
  object space 398848K, 88% used [0x00000000c0000000,0x00000000d58f1dc0,0x00000000d8580000)
 Metaspace       used 79090K, committed 80512K, reserved 1179648K
  class space    used 8004K, committed 8640K, reserved 1048576K
}
Event: 58.469 GC heap after
{Heap after GC invocations=455 (full 16):
 PSYoungGen      total 16384K, used 2544K [0x00000000eab00000, 0x00000000ebf80000, 0x0000000100000000)
  eden space 13824K, 0% used [0x00000000eab00000,0x00000000eab00000,0x00000000eb880000)
  from space 2560K, 99% used [0x00000000eb880000,0x00000000ebafc238,0x00000000ebb00000)
  to   space 3072K, 0% used [0x00000000ebc80000,0x00000000ebc80000,0x00000000ebf80000)
 ParOldGen       total 398848K, used 353231K [0x00000000c0000000, 0x00000000d8580000, 0x00000000eab00000)
  object space 398848K, 88% used [0x00000000c0000000,0x00000000d58f3dc0,0x00000000d8580000)
 Metaspace       used 79090K, committed 80512K, reserved 1179648K
  class space    used 8004K, committed 8640K, reserved 1048576K
}
Event: 58.636 GC heap before
{Heap before GC invocations=456 (full 16):
 PSYoungGen      total 16384K, used 16368K [0x00000000eab00000, 0x00000000ebf80000, 0x0000000100000000)
  eden space 13824K, 100% used [0x00000000eab00000,0x00000000eb880000,0x00000000eb880000)
  from space 2560K, 99% used [0x00000000eb880000,0x00000000ebafc238,0x00000000ebb00000)
  to   space 3072K, 0% used [0x00000000ebc80000,0x00000000ebc80000,0x00000000ebf80000)
 ParOldGen       total 398848K, used 353231K [0x00000000c0000000, 0x00000000d8580000, 0x00000000eab00000)
  object space 398848K, 88% used [0x00000000c0000000,0x00000000d58f3dc0,0x00000000d8580000)
 Metaspace       used 79095K, committed 80576K, reserved 1179648K
  class space    used 8004K, committed 8640K, reserved 1048576K
}
Event: 58.656 GC heap after
{Heap after GC invocations=456 (full 16):
 PSYoungGen      total 17920K, used 1760K [0x00000000eab00000, 0x00000000ebf00000, 0x0000000100000000)
  eden space 15360K, 0% used [0x00000000eab00000,0x00000000eab00000,0x00000000eba00000)
  from space 2560K, 68% used [0x00000000ebc80000,0x00000000ebe38000,0x00000000ebf00000)
  to   space 2560K, 0% used [0x00000000eba00000,0x00000000eba00000,0x00000000ebc80000)
 ParOldGen       total 398848K, used 355681K [0x00000000c0000000, 0x00000000d8580000, 0x00000000eab00000)
  object space 398848K, 89% used [0x00000000c0000000,0x00000000d5b58798,0x00000000d8580000)
 Metaspace       used 79095K, committed 80576K, reserved 1179648K
  class space    used 8004K, committed 8640K, reserved 1048576K
}
Event: 59.075 GC heap before
{Heap before GC invocations=457 (full 16):
 PSYoungGen      total 17920K, used 17120K [0x00000000eab00000, 0x00000000ebf00000, 0x0000000100000000)
  eden space 15360K, 100% used [0x00000000eab00000,0x00000000eba00000,0x00000000eba00000)
  from space 2560K, 68% used [0x00000000ebc80000,0x00000000ebe38000,0x00000000ebf00000)
  to   space 2560K, 0% used [0x00000000eba00000,0x00000000eba00000,0x00000000ebc80000)
 ParOldGen       total 398848K, used 355681K [0x00000000c0000000, 0x00000000d8580000, 0x00000000eab00000)
  object space 398848K, 89% used [0x00000000c0000000,0x00000000d5b58798,0x00000000d8580000)
 Metaspace       used 79095K, committed 80576K, reserved 1179648K
  class space    used 8004K, committed 8640K, reserved 1048576K
}
Event: 59.081 GC heap after
{Heap after GC invocations=457 (full 16):
 PSYoungGen      total 17920K, used 2552K [0x00000000eab00000, 0x00000000ec200000, 0x0000000100000000)
  eden space 15360K, 0% used [0x00000000eab00000,0x00000000eab00000,0x00000000eba00000)
  from space 2560K, 99% used [0x00000000eba00000,0x00000000ebc7e008,0x00000000ebc80000)
  to   space 4096K, 0% used [0x00000000ebe00000,0x00000000ebe00000,0x00000000ec200000)
 ParOldGen       total 398848K, used 356672K [0x00000000c0000000, 0x00000000d8580000, 0x00000000eab00000)
  object space 398848K, 89% used [0x00000000c0000000,0x00000000d5c502a0,0x00000000d8580000)
 Metaspace       used 79095K, committed 80576K, reserved 1179648K
  class space    used 8004K, committed 8640K, reserved 1048576K
}
Event: 59.309 GC heap before
{Heap before GC invocations=458 (full 16):
 PSYoungGen      total 17920K, used 17912K [0x00000000eab00000, 0x00000000ec200000, 0x0000000100000000)
  eden space 15360K, 100% used [0x00000000eab00000,0x00000000eba00000,0x00000000eba00000)
  from space 2560K, 99% used [0x00000000eba00000,0x00000000ebc7e008,0x00000000ebc80000)
  to   space 4096K, 0% used [0x00000000ebe00000,0x00000000ebe00000,0x00000000ec200000)
 ParOldGen       total 398848K, used 356672K [0x00000000c0000000, 0x00000000d8580000, 0x00000000eab00000)
  object space 398848K, 89% used [0x00000000c0000000,0x00000000d5c502a0,0x00000000d8580000)
 Metaspace       used 79095K, committed 80576K, reserved 1179648K
  class space    used 8004K, committed 8640K, reserved 1048576K
}
Event: 59.326 GC heap after
{Heap after GC invocations=458 (full 16):
 PSYoungGen      total 17920K, used 2512K [0x00000000eab00000, 0x00000000ec080000, 0x0000000100000000)
  eden space 15360K, 0% used [0x00000000eab00000,0x00000000eab00000,0x00000000eba00000)
  from space 2560K, 98% used [0x00000000ebe00000,0x00000000ec074220,0x00000000ec080000)
  to   space 3072K, 0% used [0x00000000eba80000,0x00000000eba80000,0x00000000ebd80000)
 ParOldGen       total 398848K, used 359167K [0x00000000c0000000, 0x00000000d8580000, 0x00000000eab00000)
  object space 398848K, 90% used [0x00000000c0000000,0x00000000d5ebfdb0,0x00000000d8580000)
 Metaspace       used 79095K, committed 80576K, reserved 1179648K
  class space    used 8004K, committed 8640K, reserved 1048576K
}

